============================= test session starts =============================
platform win32 -- Python 3.12.9, pytest-9.0.2, pluggy-1.6.0 -- C:\Users\pooja\Downloads\orbit_q\.venv\Scripts\python.exe
cachedir: .pytest_cache
rootdir: C:\Users\pooja\Downloads\orbit_q
configfile: pyproject.toml
plugins: cov-7.0.0
collecting ... collected 0 items / 3 errors

=================================== ERRORS ====================================
__________________ ERROR collecting tests/test_ml_engine.py ___________________
ImportError while importing test module 'C:\Users\pooja\Downloads\orbit_q\tests\test_ml_engine.py'.
Hint: make sure your test modules/packages have valid Python names.
Traceback:
..\..\AppData\Local\Programs\Python\Python312\Lib\importlib\__init__.py:90: in import_module
    return _bootstrap._gcd_import(name[level:], package, level)
           ^^^^^^^^^^^^^^^^^^^^^^^^^^^^^^^^^^^^^^^^^^^^^^^^^^^^
tests\test_ml_engine.py:10: in <module>
    from orbit_q.engine.ml_engine import AnomalyEngine
E   ModuleNotFoundError: No module named 'orbit_q'
_____________ ERROR collecting tests/test_security_and_stress.py ______________
ImportError while importing test module 'C:\Users\pooja\Downloads\orbit_q\tests\test_security_and_stress.py'.
Hint: make sure your test modules/packages have valid Python names.
Traceback:
..\..\AppData\Local\Programs\Python\Python312\Lib\importlib\__init__.py:90: in import_module
    return _bootstrap._gcd_import(name[level:], package, level)
           ^^^^^^^^^^^^^^^^^^^^^^^^^^^^^^^^^^^^^^^^^^^^^^^^^^^^
tests\test_security_and_stress.py:9: in <module>
    from orbit_q.security import (
E   ModuleNotFoundError: No module named 'orbit_q'
__________________ ERROR collecting tests/test_simulator.py ___________________
ImportError while importing test module 'C:\Users\pooja\Downloads\orbit_q\tests\test_simulator.py'.
Hint: make sure your test modules/packages have valid Python names.
Traceback:
..\..\AppData\Local\Programs\Python\Python312\Lib\importlib\__init__.py:90: in import_module
    return _bootstrap._gcd_import(name[level:], package, level)
           ^^^^^^^^^^^^^^^^^^^^^^^^^^^^^^^^^^^^^^^^^^^^^^^^^^^^
tests\test_simulator.py:3: in <module>
    from orbit_q.simulator import mock_telemetry
E   ModuleNotFoundError: No module named 'orbit_q'
=========================== short test summary info ===========================
ERROR tests/test_ml_engine.py
ERROR tests/test_security_and_stress.py
ERROR tests/test_simulator.py
!!!!!!!!!!!!!!!!!!! Interrupted: 3 errors during collection !!!!!!!!!!!!!!!!!!!
============================== 3 errors in 0.21s ==============================

---STDERR---
